<?xml version="1.0" encoding="UTF-8"?>
<testsuite xmlns:xsi="http://www.w3.org/2001/XMLSchema-instance" xsi:noNamespaceSchemaLocation="https://maven.apache.org/surefire/maven-surefire-plugin/xsd/surefire-test-report.xsd" name="com.zhengxiaolong.springcloudeurekaprovider8002.SpringCloudEurekaProvider8002ApplicationTests" time="20.319" tests="1" errors="0" skipped="0" failures="0">
  <properties>
    <property name="sun.desktop" value="windows"/>
    <property name="awt.toolkit" value="sun.awt.windows.WToolkit"/>
    <property name="file.encoding.pkg" value="sun.io"/>
    <property name="java.specification.version" value="1.8"/>
    <property name="sun.cpu.isalist" value="amd64"/>
    <property name="sun.jnu.encoding" value="GBK"/>
    <property name="java.class.path" value="D:\java_project\spring-cloud-demo\spring-cloud-eureka-provider-8002\target\test-classes;D:\java_project\spring-cloud-demo\spring-cloud-eureka-provider-8002\target\classes;D:\java_project\spring-cloud-demo\spring-cloud-common\target\microservicecloud.jar;D:\maven\repository\org\projectlombok\lombok\1.16.18\lombok-1.16.18.jar;D:\maven\repository\org\springframework\boot\spring-boot-starter-web\2.7.5\spring-boot-starter-web-2.7.5.jar;D:\maven\repository\org\springframework\boot\spring-boot-starter\2.7.5\spring-boot-starter-2.7.5.jar;D:\maven\repository\org\springframework\boot\spring-boot-starter-logging\2.7.5\spring-boot-starter-logging-2.7.5.jar;D:\maven\repository\ch\qos\logback\logback-classic\1.2.11\logback-classic-1.2.11.jar;D:\maven\repository\org\apache\logging\log4j\log4j-to-slf4j\2.17.2\log4j-to-slf4j-2.17.2.jar;D:\maven\repository\org\apache\logging\log4j\log4j-api\2.17.2\log4j-api-2.17.2.jar;D:\maven\repository\org\slf4j\jul-to-slf4j\1.7.36\jul-to-slf4j-1.7.36.jar;D:\maven\repository\jakarta\annotation\jakarta.annotation-api\1.3.5\jakarta.annotation-api-1.3.5.jar;D:\maven\repository\org\yaml\snakeyaml\1.30\snakeyaml-1.30.jar;D:\maven\repository\org\springframework\boot\spring-boot-starter-json\2.7.5\spring-boot-starter-json-2.7.5.jar;D:\maven\repository\com\fasterxml\jackson\core\jackson-databind\2.13.4.2\jackson-databind-2.13.4.2.jar;D:\maven\repository\com\fasterxml\jackson\datatype\jackson-datatype-jdk8\2.13.4\jackson-datatype-jdk8-2.13.4.jar;D:\maven\repository\com\fasterxml\jackson\datatype\jackson-datatype-jsr310\2.13.4\jackson-datatype-jsr310-2.13.4.jar;D:\maven\repository\com\fasterxml\jackson\module\jackson-module-parameter-names\2.13.4\jackson-module-parameter-names-2.13.4.jar;D:\maven\repository\org\springframework\boot\spring-boot-starter-tomcat\2.7.5\spring-boot-starter-tomcat-2.7.5.jar;D:\maven\repository\org\apache\tomcat\embed\tomcat-embed-core\9.0.68\tomcat-embed-core-9.0.68.jar;D:\maven\repository\org\apache\tomcat\embed\tomcat-embed-el\9.0.68\tomcat-embed-el-9.0.68.jar;D:\maven\repository\org\apache\tomcat\embed\tomcat-embed-websocket\9.0.68\tomcat-embed-websocket-9.0.68.jar;D:\maven\repository\org\springframework\spring-web\5.3.23\spring-web-5.3.23.jar;D:\maven\repository\org\springframework\spring-beans\5.3.23\spring-beans-5.3.23.jar;D:\maven\repository\org\springframework\spring-webmvc\5.3.23\spring-webmvc-5.3.23.jar;D:\maven\repository\org\springframework\spring-aop\5.3.23\spring-aop-5.3.23.jar;D:\maven\repository\org\springframework\spring-context\5.3.23\spring-context-5.3.23.jar;D:\maven\repository\org\springframework\spring-expression\5.3.23\spring-expression-5.3.23.jar;D:\maven\repository\org\springframework\boot\spring-boot-devtools\2.7.5\spring-boot-devtools-2.7.5.jar;D:\maven\repository\org\springframework\boot\spring-boot\2.7.5\spring-boot-2.7.5.jar;D:\maven\repository\org\springframework\boot\spring-boot-autoconfigure\2.7.5\spring-boot-autoconfigure-2.7.5.jar;D:\maven\repository\org\springframework\boot\spring-boot-starter-test\2.7.5\spring-boot-starter-test-2.7.5.jar;D:\maven\repository\org\springframework\boot\spring-boot-test\2.7.5\spring-boot-test-2.7.5.jar;D:\maven\repository\org\springframework\boot\spring-boot-test-autoconfigure\2.7.5\spring-boot-test-autoconfigure-2.7.5.jar;D:\maven\repository\com\jayway\jsonpath\json-path\2.7.0\json-path-2.7.0.jar;D:\maven\repository\net\minidev\json-smart\2.4.8\json-smart-2.4.8.jar;D:\maven\repository\net\minidev\accessors-smart\2.4.8\accessors-smart-2.4.8.jar;D:\maven\repository\org\ow2\asm\asm\9.1\asm-9.1.jar;D:\maven\repository\org\slf4j\slf4j-api\1.7.36\slf4j-api-1.7.36.jar;D:\maven\repository\jakarta\xml\bind\jakarta.xml.bind-api\2.3.3\jakarta.xml.bind-api-2.3.3.jar;D:\maven\repository\jakarta\activation\jakarta.activation-api\1.2.2\jakarta.activation-api-1.2.2.jar;D:\maven\repository\org\assertj\assertj-core\3.22.0\assertj-core-3.22.0.jar;D:\maven\repository\org\hamcrest\hamcrest\2.2\hamcrest-2.2.jar;D:\maven\repository\org\junit\jupiter\junit-jupiter\5.8.2\junit-jupiter-5.8.2.jar;D:\maven\repository\org\junit\jupiter\junit-jupiter-api\5.8.2\junit-jupiter-api-5.8.2.jar;D:\maven\repository\org\opentest4j\opentest4j\1.2.0\opentest4j-1.2.0.jar;D:\maven\repository\org\junit\platform\junit-platform-commons\1.8.2\junit-platform-commons-1.8.2.jar;D:\maven\repository\org\apiguardian\apiguardian-api\1.1.2\apiguardian-api-1.1.2.jar;D:\maven\repository\org\junit\jupiter\junit-jupiter-params\5.8.2\junit-jupiter-params-5.8.2.jar;D:\maven\repository\org\junit\jupiter\junit-jupiter-engine\5.8.2\junit-jupiter-engine-5.8.2.jar;D:\maven\repository\org\junit\platform\junit-platform-engine\1.8.2\junit-platform-engine-1.8.2.jar;D:\maven\repository\org\mockito\mockito-core\4.5.1\mockito-core-4.5.1.jar;D:\maven\repository\net\bytebuddy\byte-buddy\1.12.18\byte-buddy-1.12.18.jar;D:\maven\repository\net\bytebuddy\byte-buddy-agent\1.12.18\byte-buddy-agent-1.12.18.jar;D:\maven\repository\org\objenesis\objenesis\3.2\objenesis-3.2.jar;D:\maven\repository\org\mockito\mockito-junit-jupiter\4.5.1\mockito-junit-jupiter-4.5.1.jar;D:\maven\repository\org\skyscreamer\jsonassert\1.5.1\jsonassert-1.5.1.jar;D:\maven\repository\com\vaadin\external\google\android-json\0.0.20131108.vaadin1\android-json-0.0.20131108.vaadin1.jar;D:\maven\repository\org\springframework\spring-core\5.3.23\spring-core-5.3.23.jar;D:\maven\repository\org\springframework\spring-jcl\5.3.23\spring-jcl-5.3.23.jar;D:\maven\repository\org\springframework\spring-test\5.3.23\spring-test-5.3.23.jar;D:\maven\repository\org\xmlunit\xmlunit-core\2.9.0\xmlunit-core-2.9.0.jar;D:\maven\repository\junit\junit\4.12\junit-4.12.jar;D:\maven\repository\org\hamcrest\hamcrest-core\2.2\hamcrest-core-2.2.jar;D:\maven\repository\mysql\mysql-connector-java\5.1.49\mysql-connector-java-5.1.49.jar;D:\maven\repository\ch\qos\logback\logback-core\1.2.11\logback-core-1.2.11.jar;D:\maven\repository\org\mybatis\spring\boot\mybatis-spring-boot-starter\2.2.0\mybatis-spring-boot-starter-2.2.0.jar;D:\maven\repository\org\springframework\boot\spring-boot-starter-jdbc\2.7.5\spring-boot-starter-jdbc-2.7.5.jar;D:\maven\repository\com\zaxxer\HikariCP\4.0.3\HikariCP-4.0.3.jar;D:\maven\repository\org\springframework\spring-jdbc\5.3.23\spring-jdbc-5.3.23.jar;D:\maven\repository\org\springframework\spring-tx\5.3.23\spring-tx-5.3.23.jar;D:\maven\repository\org\mybatis\spring\boot\mybatis-spring-boot-autoconfigure\2.2.0\mybatis-spring-boot-autoconfigure-2.2.0.jar;D:\maven\repository\org\mybatis\mybatis\3.5.7\mybatis-3.5.7.jar;D:\maven\repository\org\mybatis\mybatis-spring\2.0.6\mybatis-spring-2.0.6.jar;D:\maven\repository\org\springframework\springloaded\1.2.8.RELEASE\springloaded-1.2.8.RELEASE.jar;D:\maven\repository\org\springframework\cloud\spring-cloud-starter-netflix-eureka-client\3.1.4\spring-cloud-starter-netflix-eureka-client-3.1.4.jar;D:\maven\repository\org\springframework\cloud\spring-cloud-starter\3.1.4\spring-cloud-starter-3.1.4.jar;D:\maven\repository\org\springframework\cloud\spring-cloud-context\3.1.4\spring-cloud-context-3.1.4.jar;D:\maven\repository\org\springframework\security\spring-security-crypto\5.7.4\spring-security-crypto-5.7.4.jar;D:\maven\repository\org\springframework\cloud\spring-cloud-commons\3.1.4\spring-cloud-commons-3.1.4.jar;D:\maven\repository\org\springframework\security\spring-security-rsa\1.0.11.RELEASE\spring-security-rsa-1.0.11.RELEASE.jar;D:\maven\repository\org\bouncycastle\bcpkix-jdk15on\1.69\bcpkix-jdk15on-1.69.jar;D:\maven\repository\org\bouncycastle\bcprov-jdk15on\1.69\bcprov-jdk15on-1.69.jar;D:\maven\repository\org\bouncycastle\bcutil-jdk15on\1.69\bcutil-jdk15on-1.69.jar;D:\maven\repository\org\springframework\cloud\spring-cloud-netflix-eureka-client\3.1.4\spring-cloud-netflix-eureka-client-3.1.4.jar;D:\maven\repository\com\netflix\eureka\eureka-client\1.10.17\eureka-client-1.10.17.jar;D:\maven\repository\com\netflix\netflix-commons\netflix-eventbus\0.3.0\netflix-eventbus-0.3.0.jar;D:\maven\repository\com\netflix\netflix-commons\netflix-infix\0.3.0\netflix-infix-0.3.0.jar;D:\maven\repository\commons-jxpath\commons-jxpath\1.3\commons-jxpath-1.3.jar;D:\maven\repository\joda-time\joda-time\2.3\joda-time-2.3.jar;D:\maven\repository\org\antlr\antlr-runtime\3.4\antlr-runtime-3.4.jar;D:\maven\repository\org\antlr\stringtemplate\3.2.1\stringtemplate-3.2.1.jar;D:\maven\repository\antlr\antlr\2.7.7\antlr-2.7.7.jar;D:\maven\repository\com\google\code\gson\gson\2.9.1\gson-2.9.1.jar;D:\maven\repository\org\apache\commons\commons-math\2.2\commons-math-2.2.jar;D:\maven\repository\com\thoughtworks\xstream\xstream\1.4.18\xstream-1.4.18.jar;D:\maven\repository\io\github\x-stream\mxparser\1.2.2\mxparser-1.2.2.jar;D:\maven\repository\xmlpull\xmlpull\1.1.3.1\xmlpull-1.1.3.1.jar;D:\maven\repository\javax\ws\rs\jsr311-api\1.1.1\jsr311-api-1.1.1.jar;D:\maven\repository\com\netflix\servo\servo-core\0.12.21\servo-core-0.12.21.jar;D:\maven\repository\com\google\guava\guava\19.0\guava-19.0.jar;D:\maven\repository\org\apache\httpcomponents\httpclient\4.5.13\httpclient-4.5.13.jar;D:\maven\repository\org\apache\httpcomponents\httpcore\4.4.15\httpcore-4.4.15.jar;D:\maven\repository\commons-codec\commons-codec\1.15\commons-codec-1.15.jar;D:\maven\repository\commons-configuration\commons-configuration\1.10\commons-configuration-1.10.jar;D:\maven\repository\commons-lang\commons-lang\2.6\commons-lang-2.6.jar;D:\maven\repository\com\google\inject\guice\4.1.0\guice-4.1.0.jar;D:\maven\repository\javax\inject\javax.inject\1\javax.inject-1.jar;D:\maven\repository\com\fasterxml\jackson\core\jackson-annotations\2.13.4\jackson-annotations-2.13.4.jar;D:\maven\repository\com\fasterxml\jackson\core\jackson-core\2.13.4\jackson-core-2.13.4.jar;D:\maven\repository\org\codehaus\jettison\jettison\1.4.0\jettison-1.4.0.jar;D:\maven\repository\com\netflix\eureka\eureka-core\1.10.17\eureka-core-1.10.17.jar;D:\maven\repository\com\fasterxml\woodstox\woodstox-core\6.2.1\woodstox-core-6.2.1.jar;D:\maven\repository\org\codehaus\woodstox\stax2-api\4.2.1\stax2-api-4.2.1.jar;D:\maven\repository\org\springframework\cloud\spring-cloud-starter-loadbalancer\3.1.4\spring-cloud-starter-loadbalancer-3.1.4.jar;D:\maven\repository\org\springframework\cloud\spring-cloud-loadbalancer\3.1.4\spring-cloud-loadbalancer-3.1.4.jar;D:\maven\repository\io\projectreactor\reactor-core\3.4.24\reactor-core-3.4.24.jar;D:\maven\repository\org\reactivestreams\reactive-streams\1.0.4\reactive-streams-1.0.4.jar;D:\maven\repository\io\projectreactor\addons\reactor-extra\3.4.8\reactor-extra-3.4.8.jar;D:\maven\repository\org\springframework\boot\spring-boot-starter-cache\2.7.5\spring-boot-starter-cache-2.7.5.jar;D:\maven\repository\org\springframework\spring-context-support\5.3.23\spring-context-support-5.3.23.jar;D:\maven\repository\com\stoyanr\evictor\1.0.0\evictor-1.0.0.jar;D:\maven\repository\org\springframework\boot\spring-boot-starter-actuator\2.7.5\spring-boot-starter-actuator-2.7.5.jar;D:\maven\repository\org\springframework\boot\spring-boot-actuator-autoconfigure\2.7.5\spring-boot-actuator-autoconfigure-2.7.5.jar;D:\maven\repository\org\springframework\boot\spring-boot-actuator\2.7.5\spring-boot-actuator-2.7.5.jar;D:\maven\repository\io\micrometer\micrometer-core\1.9.5\micrometer-core-1.9.5.jar;D:\maven\repository\org\hdrhistogram\HdrHistogram\2.1.12\HdrHistogram-2.1.12.jar;D:\maven\repository\org\latencyutils\LatencyUtils\2.0.3\LatencyUtils-2.0.3.jar;"/>
    <property name="java.vm.vendor" value="Oracle Corporation"/>
    <property name="sun.arch.data.model" value="64"/>
    <property name="user.variant" value=""/>
    <property name="java.vendor.url" value="http://java.oracle.com/"/>
    <property name="user.timezone" value="Asia/Shanghai"/>
    <property name="java.vm.specification.version" value="1.8"/>
    <property name="os.name" value="Windows 10"/>
    <property name="user.country" value="CN"/>
    <property name="sun.java.launcher" value="SUN_STANDARD"/>
    <property name="sun.boot.library.path" value="C:\Program Files\Java\jdk1.8.0_251\jre\bin"/>
    <property name="sun.java.command" value="C:\Users\zheng\AppData\Local\Temp\surefire8766127683700763062\surefirebooter8011276854055733267.jar C:\Users\zheng\AppData\Local\Temp\surefire8766127683700763062 2022-10-30T21-52-47_760-jvmRun1 surefire8355429359496036905tmp surefire_58503318395561258433tmp"/>
    <property name="surefire.test.class.path" value="D:\java_project\spring-cloud-demo\spring-cloud-eureka-provider-8002\target\test-classes;D:\java_project\spring-cloud-demo\spring-cloud-eureka-provider-8002\target\classes;D:\java_project\spring-cloud-demo\spring-cloud-common\target\microservicecloud.jar;D:\maven\repository\org\projectlombok\lombok\1.16.18\lombok-1.16.18.jar;D:\maven\repository\org\springframework\boot\spring-boot-starter-web\2.7.5\spring-boot-starter-web-2.7.5.jar;D:\maven\repository\org\springframework\boot\spring-boot-starter\2.7.5\spring-boot-starter-2.7.5.jar;D:\maven\repository\org\springframework\boot\spring-boot-starter-logging\2.7.5\spring-boot-starter-logging-2.7.5.jar;D:\maven\repository\ch\qos\logback\logback-classic\1.2.11\logback-classic-1.2.11.jar;D:\maven\repository\org\apache\logging\log4j\log4j-to-slf4j\2.17.2\log4j-to-slf4j-2.17.2.jar;D:\maven\repository\org\apache\logging\log4j\log4j-api\2.17.2\log4j-api-2.17.2.jar;D:\maven\repository\org\slf4j\jul-to-slf4j\1.7.36\jul-to-slf4j-1.7.36.jar;D:\maven\repository\jakarta\annotation\jakarta.annotation-api\1.3.5\jakarta.annotation-api-1.3.5.jar;D:\maven\repository\org\yaml\snakeyaml\1.30\snakeyaml-1.30.jar;D:\maven\repository\org\springframework\boot\spring-boot-starter-json\2.7.5\spring-boot-starter-json-2.7.5.jar;D:\maven\repository\com\fasterxml\jackson\core\jackson-databind\2.13.4.2\jackson-databind-2.13.4.2.jar;D:\maven\repository\com\fasterxml\jackson\datatype\jackson-datatype-jdk8\2.13.4\jackson-datatype-jdk8-2.13.4.jar;D:\maven\repository\com\fasterxml\jackson\datatype\jackson-datatype-jsr310\2.13.4\jackson-datatype-jsr310-2.13.4.jar;D:\maven\repository\com\fasterxml\jackson\module\jackson-module-parameter-names\2.13.4\jackson-module-parameter-names-2.13.4.jar;D:\maven\repository\org\springframework\boot\spring-boot-starter-tomcat\2.7.5\spring-boot-starter-tomcat-2.7.5.jar;D:\maven\repository\org\apache\tomcat\embed\tomcat-embed-core\9.0.68\tomcat-embed-core-9.0.68.jar;D:\maven\repository\org\apache\tomcat\embed\tomcat-embed-el\9.0.68\tomcat-embed-el-9.0.68.jar;D:\maven\repository\org\apache\tomcat\embed\tomcat-embed-websocket\9.0.68\tomcat-embed-websocket-9.0.68.jar;D:\maven\repository\org\springframework\spring-web\5.3.23\spring-web-5.3.23.jar;D:\maven\repository\org\springframework\spring-beans\5.3.23\spring-beans-5.3.23.jar;D:\maven\repository\org\springframework\spring-webmvc\5.3.23\spring-webmvc-5.3.23.jar;D:\maven\repository\org\springframework\spring-aop\5.3.23\spring-aop-5.3.23.jar;D:\maven\repository\org\springframework\spring-context\5.3.23\spring-context-5.3.23.jar;D:\maven\repository\org\springframework\spring-expression\5.3.23\spring-expression-5.3.23.jar;D:\maven\repository\org\springframework\boot\spring-boot-devtools\2.7.5\spring-boot-devtools-2.7.5.jar;D:\maven\repository\org\springframework\boot\spring-boot\2.7.5\spring-boot-2.7.5.jar;D:\maven\repository\org\springframework\boot\spring-boot-autoconfigure\2.7.5\spring-boot-autoconfigure-2.7.5.jar;D:\maven\repository\org\springframework\boot\spring-boot-starter-test\2.7.5\spring-boot-starter-test-2.7.5.jar;D:\maven\repository\org\springframework\boot\spring-boot-test\2.7.5\spring-boot-test-2.7.5.jar;D:\maven\repository\org\springframework\boot\spring-boot-test-autoconfigure\2.7.5\spring-boot-test-autoconfigure-2.7.5.jar;D:\maven\repository\com\jayway\jsonpath\json-path\2.7.0\json-path-2.7.0.jar;D:\maven\repository\net\minidev\json-smart\2.4.8\json-smart-2.4.8.jar;D:\maven\repository\net\minidev\accessors-smart\2.4.8\accessors-smart-2.4.8.jar;D:\maven\repository\org\ow2\asm\asm\9.1\asm-9.1.jar;D:\maven\repository\org\slf4j\slf4j-api\1.7.36\slf4j-api-1.7.36.jar;D:\maven\repository\jakarta\xml\bind\jakarta.xml.bind-api\2.3.3\jakarta.xml.bind-api-2.3.3.jar;D:\maven\repository\jakarta\activation\jakarta.activation-api\1.2.2\jakarta.activation-api-1.2.2.jar;D:\maven\repository\org\assertj\assertj-core\3.22.0\assertj-core-3.22.0.jar;D:\maven\repository\org\hamcrest\hamcrest\2.2\hamcrest-2.2.jar;D:\maven\repository\org\junit\jupiter\junit-jupiter\5.8.2\junit-jupiter-5.8.2.jar;D:\maven\repository\org\junit\jupiter\junit-jupiter-api\5.8.2\junit-jupiter-api-5.8.2.jar;D:\maven\repository\org\opentest4j\opentest4j\1.2.0\opentest4j-1.2.0.jar;D:\maven\repository\org\junit\platform\junit-platform-commons\1.8.2\junit-platform-commons-1.8.2.jar;D:\maven\repository\org\apiguardian\apiguardian-api\1.1.2\apiguardian-api-1.1.2.jar;D:\maven\repository\org\junit\jupiter\junit-jupiter-params\5.8.2\junit-jupiter-params-5.8.2.jar;D:\maven\repository\org\junit\jupiter\junit-jupiter-engine\5.8.2\junit-jupiter-engine-5.8.2.jar;D:\maven\repository\org\junit\platform\junit-platform-engine\1.8.2\junit-platform-engine-1.8.2.jar;D:\maven\repository\org\mockito\mockito-core\4.5.1\mockito-core-4.5.1.jar;D:\maven\repository\net\bytebuddy\byte-buddy\1.12.18\byte-buddy-1.12.18.jar;D:\maven\repository\net\bytebuddy\byte-buddy-agent\1.12.18\byte-buddy-agent-1.12.18.jar;D:\maven\repository\org\objenesis\objenesis\3.2\objenesis-3.2.jar;D:\maven\repository\org\mockito\mockito-junit-jupiter\4.5.1\mockito-junit-jupiter-4.5.1.jar;D:\maven\repository\org\skyscreamer\jsonassert\1.5.1\jsonassert-1.5.1.jar;D:\maven\repository\com\vaadin\external\google\android-json\0.0.20131108.vaadin1\android-json-0.0.20131108.vaadin1.jar;D:\maven\repository\org\springframework\spring-core\5.3.23\spring-core-5.3.23.jar;D:\maven\repository\org\springframework\spring-jcl\5.3.23\spring-jcl-5.3.23.jar;D:\maven\repository\org\springframework\spring-test\5.3.23\spring-test-5.3.23.jar;D:\maven\repository\org\xmlunit\xmlunit-core\2.9.0\xmlunit-core-2.9.0.jar;D:\maven\repository\junit\junit\4.12\junit-4.12.jar;D:\maven\repository\org\hamcrest\hamcrest-core\2.2\hamcrest-core-2.2.jar;D:\maven\repository\mysql\mysql-connector-java\5.1.49\mysql-connector-java-5.1.49.jar;D:\maven\repository\ch\qos\logback\logback-core\1.2.11\logback-core-1.2.11.jar;D:\maven\repository\org\mybatis\spring\boot\mybatis-spring-boot-starter\2.2.0\mybatis-spring-boot-starter-2.2.0.jar;D:\maven\repository\org\springframework\boot\spring-boot-starter-jdbc\2.7.5\spring-boot-starter-jdbc-2.7.5.jar;D:\maven\repository\com\zaxxer\HikariCP\4.0.3\HikariCP-4.0.3.jar;D:\maven\repository\org\springframework\spring-jdbc\5.3.23\spring-jdbc-5.3.23.jar;D:\maven\repository\org\springframework\spring-tx\5.3.23\spring-tx-5.3.23.jar;D:\maven\repository\org\mybatis\spring\boot\mybatis-spring-boot-autoconfigure\2.2.0\mybatis-spring-boot-autoconfigure-2.2.0.jar;D:\maven\repository\org\mybatis\mybatis\3.5.7\mybatis-3.5.7.jar;D:\maven\repository\org\mybatis\mybatis-spring\2.0.6\mybatis-spring-2.0.6.jar;D:\maven\repository\org\springframework\springloaded\1.2.8.RELEASE\springloaded-1.2.8.RELEASE.jar;D:\maven\repository\org\springframework\cloud\spring-cloud-starter-netflix-eureka-client\3.1.4\spring-cloud-starter-netflix-eureka-client-3.1.4.jar;D:\maven\repository\org\springframework\cloud\spring-cloud-starter\3.1.4\spring-cloud-starter-3.1.4.jar;D:\maven\repository\org\springframework\cloud\spring-cloud-context\3.1.4\spring-cloud-context-3.1.4.jar;D:\maven\repository\org\springframework\security\spring-security-crypto\5.7.4\spring-security-crypto-5.7.4.jar;D:\maven\repository\org\springframework\cloud\spring-cloud-commons\3.1.4\spring-cloud-commons-3.1.4.jar;D:\maven\repository\org\springframework\security\spring-security-rsa\1.0.11.RELEASE\spring-security-rsa-1.0.11.RELEASE.jar;D:\maven\repository\org\bouncycastle\bcpkix-jdk15on\1.69\bcpkix-jdk15on-1.69.jar;D:\maven\repository\org\bouncycastle\bcprov-jdk15on\1.69\bcprov-jdk15on-1.69.jar;D:\maven\repository\org\bouncycastle\bcutil-jdk15on\1.69\bcutil-jdk15on-1.69.jar;D:\maven\repository\org\springframework\cloud\spring-cloud-netflix-eureka-client\3.1.4\spring-cloud-netflix-eureka-client-3.1.4.jar;D:\maven\repository\com\netflix\eureka\eureka-client\1.10.17\eureka-client-1.10.17.jar;D:\maven\repository\com\netflix\netflix-commons\netflix-eventbus\0.3.0\netflix-eventbus-0.3.0.jar;D:\maven\repository\com\netflix\netflix-commons\netflix-infix\0.3.0\netflix-infix-0.3.0.jar;D:\maven\repository\commons-jxpath\commons-jxpath\1.3\commons-jxpath-1.3.jar;D:\maven\repository\joda-time\joda-time\2.3\joda-time-2.3.jar;D:\maven\repository\org\antlr\antlr-runtime\3.4\antlr-runtime-3.4.jar;D:\maven\repository\org\antlr\stringtemplate\3.2.1\stringtemplate-3.2.1.jar;D:\maven\repository\antlr\antlr\2.7.7\antlr-2.7.7.jar;D:\maven\repository\com\google\code\gson\gson\2.9.1\gson-2.9.1.jar;D:\maven\repository\org\apache\commons\commons-math\2.2\commons-math-2.2.jar;D:\maven\repository\com\thoughtworks\xstream\xstream\1.4.18\xstream-1.4.18.jar;D:\maven\repository\io\github\x-stream\mxparser\1.2.2\mxparser-1.2.2.jar;D:\maven\repository\xmlpull\xmlpull\1.1.3.1\xmlpull-1.1.3.1.jar;D:\maven\repository\javax\ws\rs\jsr311-api\1.1.1\jsr311-api-1.1.1.jar;D:\maven\repository\com\netflix\servo\servo-core\0.12.21\servo-core-0.12.21.jar;D:\maven\repository\com\google\guava\guava\19.0\guava-19.0.jar;D:\maven\repository\org\apache\httpcomponents\httpclient\4.5.13\httpclient-4.5.13.jar;D:\maven\repository\org\apache\httpcomponents\httpcore\4.4.15\httpcore-4.4.15.jar;D:\maven\repository\commons-codec\commons-codec\1.15\commons-codec-1.15.jar;D:\maven\repository\commons-configuration\commons-configuration\1.10\commons-configuration-1.10.jar;D:\maven\repository\commons-lang\commons-lang\2.6\commons-lang-2.6.jar;D:\maven\repository\com\google\inject\guice\4.1.0\guice-4.1.0.jar;D:\maven\repository\javax\inject\javax.inject\1\javax.inject-1.jar;D:\maven\repository\com\fasterxml\jackson\core\jackson-annotations\2.13.4\jackson-annotations-2.13.4.jar;D:\maven\repository\com\fasterxml\jackson\core\jackson-core\2.13.4\jackson-core-2.13.4.jar;D:\maven\repository\org\codehaus\jettison\jettison\1.4.0\jettison-1.4.0.jar;D:\maven\repository\com\netflix\eureka\eureka-core\1.10.17\eureka-core-1.10.17.jar;D:\maven\repository\com\fasterxml\woodstox\woodstox-core\6.2.1\woodstox-core-6.2.1.jar;D:\maven\repository\org\codehaus\woodstox\stax2-api\4.2.1\stax2-api-4.2.1.jar;D:\maven\repository\org\springframework\cloud\spring-cloud-starter-loadbalancer\3.1.4\spring-cloud-starter-loadbalancer-3.1.4.jar;D:\maven\repository\org\springframework\cloud\spring-cloud-loadbalancer\3.1.4\spring-cloud-loadbalancer-3.1.4.jar;D:\maven\repository\io\projectreactor\reactor-core\3.4.24\reactor-core-3.4.24.jar;D:\maven\repository\org\reactivestreams\reactive-streams\1.0.4\reactive-streams-1.0.4.jar;D:\maven\repository\io\projectreactor\addons\reactor-extra\3.4.8\reactor-extra-3.4.8.jar;D:\maven\repository\org\springframework\boot\spring-boot-starter-cache\2.7.5\spring-boot-starter-cache-2.7.5.jar;D:\maven\repository\org\springframework\spring-context-support\5.3.23\spring-context-support-5.3.23.jar;D:\maven\repository\com\stoyanr\evictor\1.0.0\evictor-1.0.0.jar;D:\maven\repository\org\springframework\boot\spring-boot-starter-actuator\2.7.5\spring-boot-starter-actuator-2.7.5.jar;D:\maven\repository\org\springframework\boot\spring-boot-actuator-autoconfigure\2.7.5\spring-boot-actuator-autoconfigure-2.7.5.jar;D:\maven\repository\org\springframework\boot\spring-boot-actuator\2.7.5\spring-boot-actuator-2.7.5.jar;D:\maven\repository\io\micrometer\micrometer-core\1.9.5\micrometer-core-1.9.5.jar;D:\maven\repository\org\hdrhistogram\HdrHistogram\2.1.12\HdrHistogram-2.1.12.jar;D:\maven\repository\org\latencyutils\LatencyUtils\2.0.3\LatencyUtils-2.0.3.jar;"/>
    <property name="sun.cpu.endian" value="little"/>
    <property name="user.home" value="C:\Users\zheng"/>
    <property name="user.language" value="zh"/>
    <property name="java.specification.vendor" value="Oracle Corporation"/>
    <property name="java.home" value="C:\Program Files\Java\jdk1.8.0_251\jre"/>
    <property name="basedir" value="D:\java_project\spring-cloud-demo\spring-cloud-eureka-provider-8002"/>
    <property name="file.separator" value="\"/>
    <property name="line.separator" value="&#10;"/>
    <property name="java.vm.specification.vendor" value="Oracle Corporation"/>
    <property name="java.specification.name" value="Java Platform API Specification"/>
    <property name="java.awt.graphicsenv" value="sun.awt.Win32GraphicsEnvironment"/>
    <property name="surefire.real.class.path" value="C:\Users\zheng\AppData\Local\Temp\surefire8766127683700763062\surefirebooter8011276854055733267.jar"/>
    <property name="sun.boot.class.path" value="C:\Program Files\Java\jdk1.8.0_251\jre\lib\resources.jar;C:\Program Files\Java\jdk1.8.0_251\jre\lib\rt.jar;C:\Program Files\Java\jdk1.8.0_251\jre\lib\sunrsasign.jar;C:\Program Files\Java\jdk1.8.0_251\jre\lib\jsse.jar;C:\Program Files\Java\jdk1.8.0_251\jre\lib\jce.jar;C:\Program Files\Java\jdk1.8.0_251\jre\lib\charsets.jar;C:\Program Files\Java\jdk1.8.0_251\jre\lib\jfr.jar;C:\Program Files\Java\jdk1.8.0_251\jre\classes"/>
    <property name="user.script" value=""/>
    <property name="sun.management.compiler" value="HotSpot 64-Bit Tiered Compilers"/>
    <property name="java.runtime.version" value="1.8.0_251-b08"/>
    <property name="user.name" value="zheng"/>
    <property name="path.separator" value=";"/>
    <property name="os.version" value="10.0"/>
    <property name="java.endorsed.dirs" value="C:\Program Files\Java\jdk1.8.0_251\jre\lib\endorsed"/>
    <property name="java.runtime.name" value="Java(TM) SE Runtime Environment"/>
    <property name="file.encoding" value="GBK"/>
    <property name="java.vm.name" value="Java HotSpot(TM) 64-Bit Server VM"/>
    <property name="localRepository" value="D:\maven\repository"/>
    <property name="java.vendor.url.bug" value="http://bugreport.sun.com/bugreport/"/>
    <property name="java.io.tmpdir" value="C:\Users\zheng\AppData\Local\Temp\"/>
    <property name="idea.version" value="2021.1"/>
    <property name="java.version" value="1.8.0_251"/>
    <property name="user.dir" value="D:\java_project\spring-cloud-demo\spring-cloud-eureka-provider-8002"/>
    <property name="os.arch" value="amd64"/>
    <property name="java.vm.specification.name" value="Java Virtual Machine Specification"/>
    <property name="java.awt.printerjob" value="sun.awt.windows.WPrinterJob"/>
    <property name="sun.os.patch.level" value=""/>
    <property name="java.library.path" value="C:\Program Files\Java\jdk1.8.0_251\jre\bin;C:\Windows\Sun\Java\bin;C:\Windows\system32;C:\Windows;C:\Program Files (x86)\Razer Chroma SDK\bin;C:\Program Files\Razer Chroma SDK\bin;C:\Program Files (x86)\Razer\ChromaBroadcast\bin;C:\Program Files\Razer\ChromaBroadcast\bin;C:\Users\zheng\AppData\Local\360Chrome\Chrome\Application;D:\software\delphiXe10\Embarcadero\Studio\19.0\bin;C:\Users\Public\Documents\Embarcadero\Studio\19.0\Bpl;D:\software\delphiXe10\Embarcadero\Studio\19.0\bin64;C:\Users\Public\Documents\Embarcadero\Studio\19.0\Bpl\Win64;D:\software\delphiXe10.2\Embarcadero\Studio\19.0\bin;C:\Users\Public\Documents\Embarcadero\Studio\19.0\Bpl;D:\software\delphiXe10.2\Embarcadero\Studio\19.0\bin64;C:\Users\Public\Documents\Embarcadero\Studio\19.0\Bpl\Win64;D:\software\xshell\;D:\software\vmware\bin\;C:\Python38\Scripts\;C:\Python38\;C:\Windows\system32;C:\Windows;C:\Windows\System32\Wbem;C:\Windows\System32\WindowsPowerShell\v1.0\;C:\ProgramData\chocolatey\bin;D:\software\nodejs\;D:\software\nodejs\node_global;D:\software\Git\cmd;D:\maven\apache-maven-3.6.0\bin;D:\software\UltraEdit;D:\software\mysql-8.0.24-winx64\bin;;C:\Program Files\NVIDIA Corporation\NVIDIA NvDLISR;C:\Users\zheng\AppData\Local\Microsoft\WindowsApps;C:\Program Files\Java\jdk1.8.0_251\bin;C:\Users\zheng\AppData\Roaming\npm;C:\Windows\system32\config\systemprofile\AppData\Local\Microsoft\WindowsApps;C:\Program Files (x86)\NVIDIA Corporation\PhysX\Common;D:\software\Python\Scripts\;D:\software\Python\;C:\Users\zheng\AppData\Local\Microsoft\WindowsApps;C:\Program Files\Java\jdk1.8.0_251\bin;C:\Users\zheng\AppData\Roaming\npm;."/>
    <property name="java.vm.info" value="mixed mode"/>
    <property name="java.vendor" value="Oracle Corporation"/>
    <property name="java.vm.version" value="25.251-b08"/>
    <property name="java.ext.dirs" value="C:\Program Files\Java\jdk1.8.0_251\jre\lib\ext;C:\Windows\Sun\Java\lib\ext"/>
    <property name="sun.io.unicode.encoding" value="UnicodeLittle"/>
    <property name="java.class.version" value="52.0"/>
  </properties>
  <testcase name="contextLoads" classname="com.zhengxiaolong.springcloudeurekaprovider8002.SpringCloudEurekaProvider8002ApplicationTests" time="0.23"/>
</testsuite>